<?xml version="1.0" encoding="UTF-8" ?>
<testsuite errors="0" failures="18" hostname="Danieling" name="modelo.PersonaTest" skipped="0" tests="18" time="0.609" timestamp="2014-11-26T19:07:13">
  <properties>
[...]
</properties>
  <testcase classname="modelo.PersonaTest" name="testGetCi" time="0.047">
    <failure message="expected:&lt;&gt; but was:&lt;null&gt;" type="junit.framework.AssertionFailedError">junit.framework.AssertionFailedError: expected:&lt;&gt; but was:&lt;null&gt;
	at modelo.PersonaTest.testGetCi(PersonaTest.java:211)
</failure>
  </testcase>
  <testcase classname="modelo.PersonaTest" name="testSetNombre" time="0.015">
    <failure message="The test case is a prototype." type="junit.framework.AssertionFailedError">junit.framework.AssertionFailedError: The test case is a prototype.
	at modelo.PersonaTest.testSetNombre(PersonaTest.java:91)
</failure>
  </testcase>
  <testcase classname="modelo.PersonaTest" name="testSetCi" time="0.0">
    <failure message="The test case is a prototype." type="junit.framework.AssertionFailedError">junit.framework.AssertionFailedError: The test case is a prototype.
	at modelo.PersonaTest.testSetCi(PersonaTest.java:226)
</failure>
  </testcase>
  <testcase classname="modelo.PersonaTest" name="testGetCorreo" time="0.016">
    <failure message="expected:&lt;&gt; but was:&lt;null&gt;" type="junit.framework.AssertionFailedError">junit.framework.AssertionFailedError: expected:&lt;&gt; but was:&lt;null&gt;
	at modelo.PersonaTest.testGetCorreo(PersonaTest.java:238)
</failure>
  </testcase>
  <testcase classname="modelo.PersonaTest" name="testGetApPaterno" time="0.0">
    <failure message="expected:&lt;&gt; but was:&lt;null&gt;" type="junit.framework.AssertionFailedError">junit.framework.AssertionFailedError: expected:&lt;&gt; but was:&lt;null&gt;
	at modelo.PersonaTest.testGetApPaterno(PersonaTest.java:157)
</failure>
  </testcase>
  <testcase classname="modelo.PersonaTest" name="testSetApPaterno" time="0.0">
    <failure message="The test case is a prototype." type="junit.framework.AssertionFailedError">junit.framework.AssertionFailedError: The test case is a prototype.
	at modelo.PersonaTest.testSetApPaterno(PersonaTest.java:172)
</failure>
  </testcase>
  <testcase classname="modelo.PersonaTest" name="testGetDireccion" time="0.0">
    <failure message="expected:&lt;&gt; but was:&lt;null&gt;" type="junit.framework.AssertionFailedError">junit.framework.AssertionFailedError: expected:&lt;&gt; but was:&lt;null&gt;
	at modelo.PersonaTest.testGetDireccion(PersonaTest.java:103)
</failure>
  </testcase>
  <testcase classname="modelo.PersonaTest" name="testSetCorreo" time="0.0">
    <failure message="The test case is a prototype." type="junit.framework.AssertionFailedError">junit.framework.AssertionFailedError: The test case is a prototype.
	at modelo.PersonaTest.testSetCorreo(PersonaTest.java:253)
</failure>
  </testcase>
  <testcase classname="modelo.PersonaTest" name="testGetApMaterno" time="0.0">
    <failure message="expected:&lt;&gt; but was:&lt;null&gt;" type="junit.framework.AssertionFailedError">junit.framework.AssertionFailedError: expected:&lt;&gt; but was:&lt;null&gt;
	at modelo.PersonaTest.testGetApMaterno(PersonaTest.java:184)
</failure>
  </testcase>
  <testcase classname="modelo.PersonaTest" name="testSetIdPersona" time="0.0">
    <failure message="The test case is a prototype." type="junit.framework.AssertionFailedError">junit.framework.AssertionFailedError: The test case is a prototype.
	at modelo.PersonaTest.testSetIdPersona(PersonaTest.java:64)
</failure>
  </testcase>
  <testcase classname="modelo.PersonaTest" name="testSetApMaterno" time="0.0">
    <failure message="The test case is a prototype." type="junit.framework.AssertionFailedError">junit.framework.AssertionFailedError: The test case is a prototype.
	at modelo.PersonaTest.testSetApMaterno(PersonaTest.java:199)
</failure>
  </testcase>
  <testcase classname="modelo.PersonaTest" name="testGetFnac" time="0.0">
    <failure message="expected:&lt;&gt; but was:&lt;null&gt;" type="junit.framework.AssertionFailedError">junit.framework.AssertionFailedError: expected:&lt;&gt; but was:&lt;null&gt;
	at modelo.PersonaTest.testGetFnac(PersonaTest.java:265)
</failure>
  </testcase>
  <testcase classname="modelo.PersonaTest" name="testSetFnac" time="0.0">
    <failure message="The test case is a prototype." type="junit.framework.AssertionFailedError">junit.framework.AssertionFailedError: The test case is a prototype.
	at modelo.PersonaTest.testSetFnac(PersonaTest.java:280)
</failure>
  </testcase>
  <testcase classname="modelo.PersonaTest" name="testGetTelefono" time="0.0">
    <failure message="expected:&lt;&gt; but was:&lt;null&gt;" type="junit.framework.AssertionFailedError">junit.framework.AssertionFailedError: expected:&lt;&gt; but was:&lt;null&gt;
	at modelo.PersonaTest.testGetTelefono(PersonaTest.java:130)
</failure>
  </testcase>
  <testcase classname="modelo.PersonaTest" name="testGetIdPersona" time="0.016">
    <failure message="expected:&lt;&gt; but was:&lt;null&gt;" type="junit.framework.AssertionFailedError">junit.framework.AssertionFailedError: expected:&lt;&gt; but was:&lt;null&gt;
	at modelo.PersonaTest.testGetIdPersona(PersonaTest.java:49)
</failure>
  </testcase>
  <testcase classname="modelo.PersonaTest" name="testGetNombre" time="0.0">
    <failure message="expected:&lt;&gt; but was:&lt;null&gt;" type="junit.framework.AssertionFailedError">junit.framework.AssertionFailedError: expected:&lt;&gt; but was:&lt;null&gt;
	at modelo.PersonaTest.testGetNombre(PersonaTest.java:76)
</failure>
  </testcase>
  <testcase classname="modelo.PersonaTest" name="testSetTelefono" time="0.0">
    <failure message="The test case is a prototype." type="junit.framework.AssertionFailedError">junit.framework.AssertionFailedError: The test case is a prototype.
	at modelo.PersonaTest.testSetTelefono(PersonaTest.java:145)
</failure>
  </testcase>
  <testcase classname="modelo.PersonaTest" name="testSetDireccion" time="0.016">
    <failure message="The test case is a prototype." type="junit.framework.AssertionFailedError">junit.framework.AssertionFailedError: The test case is a prototype.
	at modelo.PersonaTest.testSetDireccion(PersonaTest.java:118)
</failure>
  </testcase>
  <system-out><![CDATA[getCi
setNombre
setCi
getCorreo
getApPaterno
setApPaterno
getDireccion
setCorreo
getApMaterno
setIdPersona
setApMaterno
getFnac
setFnac
getTelefono
getIdPersona
getNombre
setTelefono
setDireccion
]]></system-out>
  <system-err><![CDATA[]]></system-err>
</testsuite>
